[2021-04-14 10:00:18,883]-loggers.py[line:44]-fuc:__console-INFO:入参：{'linkTypeCode': 'fixed', 'miniAppId': 66, 'params': {'linkBackType': 1, 'code': 'fixed', 'pageCode': 'shopIndex', 'pageId': 1, 'pageName': '购物首页', 'pagePath': 'index/pages/shopping/shopping', 'typeCode': 'shopIndex'}, 'paramsJsonString': "{'linkBackType': 1, 'code': 'fixed', 'pageCode': 'shopIndex', 'pageId': 1, 'pageName': '购物首页', 'pagePath': 'index/pages/shopping/shopping', 'typeCode': 'shopIndex'}", 'isExpire': 0, 'expireTime': '2021-04-14 10:01:18'}
[2021-04-14 10:00:19,042]-loggers.py[line:44]-fuc:__console-INFO:出参：{"code": 32023, "message": "有效期时间与当前时间的间隔必须大于1分钟且小于1年", "timestamp": 1618365620049}
[2021-04-14 10:00:19,210]-loggers.py[line:44]-fuc:__console-INFO:入参：{'linkTypeCode': 'fixed', 'miniAppId': 66, 'params': {'linkBackType': 1, 'code': 'fixed', 'pageCode': 'shopIndex', 'pageId': 1, 'pageName': '购物首页', 'pagePath': 'index/pages/shopping/shopping', 'typeCode': 'shopIndex'}, 'paramsJsonString': "{'linkBackType': 1, 'code': 'fixed', 'pageCode': 'shopIndex', 'pageId': 1, 'pageName': '购物首页', 'pagePath': 'index/pages/shopping/shopping', 'typeCode': 'shopIndex'}", 'isExpire': 0, 'expireTime': '2022-04-16 10:00:18'}
[2021-04-14 10:00:19,267]-loggers.py[line:44]-fuc:__console-INFO:出参：{"code": 32023, "message": "有效期时间与当前时间的间隔必须大于1分钟且小于1年", "timestamp": 1618365620280}
[2021-04-14 10:00:19,427]-loggers.py[line:44]-fuc:__console-INFO:入参：{'linkTypeCode': 'fixed', 'miniAppId': 66, 'params': {'linkBackType': 1, 'code': 'fixed', 'pageCode': 'shopIndex', 'pageId': 1, 'pageName': '购物首页', 'pagePath': 'index/pages/shopping/shopping', 'typeCode': 'shopIndex'}, 'paramsJsonString': "{'linkBackType': 1, 'code': 'fixed', 'pageCode': 'shopIndex', 'pageId': 1, 'pageName': '购物首页', 'pagePath': 'index/pages/shopping/shopping', 'typeCode': 'shopIndex'}", 'isExpire': 0, 'expireTime': '2021-04-14 10:02:19'}
[2021-04-14 10:00:20,299]-loggers.py[line:44]-fuc:__console-INFO:出参：{"code": 200, "data": "dev-api.lzsk.vip/d/jQ4ymb", "message": "操作成功！", "timestamp": 1618365621304}
[2021-04-14 10:10:04,540]-loggers.py[line:44]-fuc:__console-INFO:入参：{'linkTypeCode': 'fixed', 'miniAppId': 66, 'params': {'linkBackType': 1, 'code': 'fixed', 'pageCode': 'shopIndex', 'pageId': 1, 'pageName': '购物首页', 'pagePath': 'index/pages/shopping/shopping', 'typeCode': 'shopIndex'}, 'paramsJsonString': "{'linkBackType': 1, 'code': 'fixed', 'pageCode': 'shopIndex', 'pageId': 1, 'pageName': '购物首页', 'pagePath': 'index/pages/shopping/shopping', 'typeCode': 'shopIndex'}", 'isExpire': 0, 'expireTime': ''}
[2021-04-14 10:10:04,825]-loggers.py[line:44]-fuc:__console-INFO:出参：{"code": 3001, "message": "到期失效时间不能为空\n", "timestamp": 1618366205840}
[2021-04-14 10:10:40,112]-loggers.py[line:44]-fuc:__console-INFO:入参：{'linkTypeCode': 'fixed', 'miniAppId': 66, 'params': {'linkBackType': 1, 'code': 'fixed', 'pageCode': 'shopIndex', 'pageId': 1, 'pageName': '购物首页', 'pagePath': 'index/pages/shopping/shopping', 'typeCode': 'shopIndex'}, 'paramsJsonString': "{'linkBackType': 1, 'code': 'fixed', 'pageCode': 'shopIndex', 'pageId': 1, 'pageName': '购物首页', 'pagePath': 'index/pages/shopping/shopping', 'typeCode': 'shopIndex'}", 'isExpire': 0, 'expireTime': ''}
[2021-04-14 10:10:40,331]-loggers.py[line:44]-fuc:__console-INFO:出参：{"code": 3001, "message": "到期失效时间不能为空\n", "timestamp": 1618366241346}
[2021-04-14 10:11:10,916]-loggers.py[line:44]-fuc:__console-INFO:入参：{'linkTypeCode': 'fixed', 'miniAppId': 66, 'params': {'linkBackType': 1, 'code': 'fixed', 'pageCode': 'shopIndex', 'pageId': 1, 'pageName': '购物首页', 'pagePath': 'index/pages/shopping/shopping', 'typeCode': 'shopIndex'}, 'paramsJsonString': "{'linkBackType': 1, 'code': 'fixed', 'pageCode': 'shopIndex', 'pageId': 1, 'pageName': '购物首页', 'pagePath': 'index/pages/shopping/shopping', 'typeCode': 'shopIndex'}", 'isExpire': 0, 'expireTime': ''}
[2021-04-14 10:11:11,031]-loggers.py[line:44]-fuc:__console-INFO:出参：{"code": 3001, "message": "到期失效时间不能为空\n", "timestamp": 1618366272046}
[2021-04-14 10:12:14,072]-loggers.py[line:44]-fuc:__console-INFO:入参：{'linkTypeCode': 'fixed', 'miniAppId': 66, 'params': {'linkBackType': 1, 'code': 'fixed', 'pageCode': 'shopIndex', 'pageId': 1, 'pageName': '购物首页', 'pagePath': 'index/pages/shopping/shopping', 'typeCode': 'shopIndex'}, 'paramsJsonString': "{'linkBackType': 1, 'code': 'fixed', 'pageCode': 'shopIndex', 'pageId': 1, 'pageName': '购物首页', 'pagePath': 'index/pages/shopping/shopping', 'typeCode': 'shopIndex'}", 'isExpire': 0, 'expireTime': '2021-04-14 10:13:13'}
[2021-04-14 10:12:14,228]-loggers.py[line:44]-fuc:__console-INFO:出参：{"code": 32023, "message": "有效期时间与当前时间的间隔必须大于1分钟且小于1年", "timestamp": 1618366335242}
[2021-04-14 10:12:14,368]-loggers.py[line:44]-fuc:__console-INFO:入参：{'linkTypeCode': 'fixed', 'miniAppId': 66, 'params': {'linkBackType': 1, 'code': 'fixed', 'pageCode': 'shopIndex', 'pageId': 1, 'pageName': '购物首页', 'pagePath': 'index/pages/shopping/shopping', 'typeCode': 'shopIndex'}, 'paramsJsonString': "{'linkBackType': 1, 'code': 'fixed', 'pageCode': 'shopIndex', 'pageId': 1, 'pageName': '购物首页', 'pagePath': 'index/pages/shopping/shopping', 'typeCode': 'shopIndex'}", 'isExpire': 0, 'expireTime': '2022-04-16 10:12:13'}
[2021-04-14 10:12:14,446]-loggers.py[line:44]-fuc:__console-INFO:出参：{"code": 32023, "message": "有效期时间与当前时间的间隔必须大于1分钟且小于1年", "timestamp": 1618366335460}
[2021-04-14 10:12:14,612]-loggers.py[line:44]-fuc:__console-INFO:入参：{'linkTypeCode': 'fixed', 'miniAppId': 66, 'params': {'linkBackType': 1, 'code': 'fixed', 'pageCode': 'shopIndex', 'pageId': 1, 'pageName': '购物首页', 'pagePath': 'index/pages/shopping/shopping', 'typeCode': 'shopIndex'}, 'paramsJsonString': "{'linkBackType': 1, 'code': 'fixed', 'pageCode': 'shopIndex', 'pageId': 1, 'pageName': '购物首页', 'pagePath': 'index/pages/shopping/shopping', 'typeCode': 'shopIndex'}", 'isExpire': 0, 'expireTime': ''}
[2021-04-14 10:12:14,689]-loggers.py[line:44]-fuc:__console-INFO:出参：{"code": 3001, "message": "到期失效时间不能为空\n", "timestamp": 1618366335704}
[2021-04-14 14:54:55,752]-loggers.py[line:44]-fuc:__console-INFO:入参：{}
[2021-04-14 14:54:56,092]-loggers.py[line:44]-fuc:__console-INFO:出参：{"code": 3001, "message": "到期失效时间不能为空\n是否永久有效不能为空\n链接类型code不能为空\n", "timestamp": 1618383297197}
[2021-04-14 14:55:54,421]-loggers.py[line:44]-fuc:__console-INFO:入参：{'linkTypeCode': 'fixed', 'miniAppId': 66, 'params': {'linkBackType': 1, 'code': 'fixed', 'pageCode': 'shopIndex', 'pageId': 1, 'pageName': '购物首页', 'pagePath': 'index/pages/shopping/shopping', 'typeCode': 'shopIndex'}, 'paramsJsonString': "{'linkBackType': 1, 'code': 'fixed', 'pageCode': 'shopIndex', 'pageId': 1, 'pageName': '购物首页', 'pagePath': 'index/pages/shopping/shopping', 'typeCode': 'shopIndex'}", 'isExpire': 0, 'expireTime': '2021-04-14 14:56:54'}
[2021-04-14 14:55:54,691]-loggers.py[line:44]-fuc:__console-INFO:出参：{"code": 32023, "message": "有效期时间与当前时间的间隔必须大于1分钟且小于1年", "timestamp": 1618383355795}
[2021-04-14 14:55:54,822]-loggers.py[line:44]-fuc:__console-INFO:入参：{'linkTypeCode': 'fixed', 'miniAppId': 66, 'params': {'linkBackType': 1, 'code': 'fixed', 'pageCode': 'shopIndex', 'pageId': 1, 'pageName': '购物首页', 'pagePath': 'index/pages/shopping/shopping', 'typeCode': 'shopIndex'}, 'paramsJsonString': "{'linkBackType': 1, 'code': 'fixed', 'pageCode': 'shopIndex', 'pageId': 1, 'pageName': '购物首页', 'pagePath': 'index/pages/shopping/shopping', 'typeCode': 'shopIndex'}", 'isExpire': 0, 'expireTime': '2022-04-16 14:55:54'}
[2021-04-14 14:55:54,915]-loggers.py[line:44]-fuc:__console-INFO:出参：{"code": 32023, "message": "有效期时间与当前时间的间隔必须大于1分钟且小于1年", "timestamp": 1618383356024}
[2021-04-14 14:55:55,039]-loggers.py[line:44]-fuc:__console-INFO:入参：{'linkTypeCode': 'fixed', 'miniAppId': 66, 'params': {'linkBackType': 1, 'code': 'fixed', 'pageCode': 'shopIndex', 'pageId': 1, 'pageName': '购物首页', 'pagePath': 'index/pages/shopping/shopping', 'typeCode': 'shopIndex'}, 'paramsJsonString': "{'linkBackType': 1, 'code': 'fixed', 'pageCode': 'shopIndex', 'pageId': 1, 'pageName': '购物首页', 'pagePath': 'index/pages/shopping/shopping', 'typeCode': 'shopIndex'}", 'isExpire': 0, 'expireTime': ''}
[2021-04-14 14:55:55,105]-loggers.py[line:44]-fuc:__console-INFO:出参：{"code": 3001, "message": "到期失效时间不能为空\n", "timestamp": 1618383356217}
[2021-04-14 14:55:55,236]-loggers.py[line:44]-fuc:__console-INFO:入参：{}
[2021-04-14 14:55:55,289]-loggers.py[line:44]-fuc:__console-INFO:出参：{"code": 3001, "message": "链接类型code不能为空\n到期失效时间不能为空\n是否永久有效不能为空\n", "timestamp": 1618383356400}
[2021-04-14 14:58:00,187]-loggers.py[line:44]-fuc:__console-INFO:入参：{'linkTypeCode': 'fixed', 'miniAppId': 66, 'params': {'linkBackType': 1, 'code': 'fixed', 'pageCode': 'shopIndex', 'pageId': 1, 'pageName': '购物首页', 'pagePath': 'index/pages/shopping/shopping', 'typeCode': 'shopIndex'}, 'paramsJsonString': "{'linkBackType': 1, 'code': 'fixed', 'pageCode': 'shopIndex', 'pageId': 1, 'pageName': '购物首页', 'pagePath': 'index/pages/shopping/shopping', 'typeCode': 'shopIndex'}", 'isExpire': 0, 'expireTime': '2021-04-14 14:58:59'}
[2021-04-14 14:58:00,383]-loggers.py[line:44]-fuc:__console-INFO:出参：{"code": 32023, "message": "有效期时间与当前时间的间隔必须大于1分钟且小于1年", "timestamp": 1618383481487}
[2021-04-14 14:58:00,687]-loggers.py[line:44]-fuc:__console-INFO:入参：{'linkTypeCode': 'fixed', 'miniAppId': 66, 'params': {'linkBackType': 1, 'code': 'fixed', 'pageCode': 'shopIndex', 'pageId': 1, 'pageName': '购物首页', 'pagePath': 'index/pages/shopping/shopping', 'typeCode': 'shopIndex'}, 'paramsJsonString': "{'linkBackType': 1, 'code': 'fixed', 'pageCode': 'shopIndex', 'pageId': 1, 'pageName': '购物首页', 'pagePath': 'index/pages/shopping/shopping', 'typeCode': 'shopIndex'}", 'isExpire': 0, 'expireTime': '2022-04-16 14:57:59'}
[2021-04-14 14:58:00,846]-loggers.py[line:44]-fuc:__console-INFO:出参：{"code": 32023, "message": "有效期时间与当前时间的间隔必须大于1分钟且小于1年", "timestamp": 1618383481956}
[2021-04-14 14:58:01,126]-loggers.py[line:44]-fuc:__console-INFO:入参：{'linkTypeCode': 'fixed', 'miniAppId': 66, 'params': {'linkBackType': 1, 'code': 'fixed', 'pageCode': 'shopIndex', 'pageId': 1, 'pageName': '购物首页', 'pagePath': 'index/pages/shopping/shopping', 'typeCode': 'shopIndex'}, 'paramsJsonString': "{'linkBackType': 1, 'code': 'fixed', 'pageCode': 'shopIndex', 'pageId': 1, 'pageName': '购物首页', 'pagePath': 'index/pages/shopping/shopping', 'typeCode': 'shopIndex'}", 'isExpire': 0, 'expireTime': ''}
[2021-04-14 14:58:01,193]-loggers.py[line:44]-fuc:__console-INFO:出参：{"code": 3001, "message": "到期失效时间不能为空\n", "timestamp": 1618383482304}
[2021-04-14 14:58:01,462]-loggers.py[line:44]-fuc:__console-INFO:入参：{}
[2021-04-14 14:58:01,625]-loggers.py[line:44]-fuc:__console-INFO:出参：{"code": 3001, "message": "到期失效时间不能为空\n是否永久有效不能为空\n链接类型code不能为空\n", "timestamp": 1618383482737}
[2021-04-14 14:58:23,605]-loggers.py[line:44]-fuc:__console-INFO:入参：{}
[2021-04-14 14:58:23,822]-loggers.py[line:44]-fuc:__console-INFO:出参：{"code": 3001, "message": "到期失效时间不能为空\n是否永久有效不能为空\n链接类型code不能为空\n", "timestamp": 1618383504932}
[2021-04-14 15:00:26,062]-loggers.py[line:44]-fuc:__console-INFO:入参：{}
[2021-04-14 15:00:26,228]-loggers.py[line:44]-fuc:__console-INFO:出参：{"code": 3001, "message": "链接类型code不能为空\n到期失效时间不能为空\n是否永久有效不能为空\n", "timestamp": 1618383627341}
[2021-04-14 15:05:09,476]-loggers.py[line:44]-fuc:__console-INFO:入参：{}
[2021-04-14 15:05:09,712]-loggers.py[line:44]-fuc:__console-INFO:出参：{"code": 3001, "message": "是否永久有效不能为空\n链接类型code不能为空\n到期失效时间不能为空\n", "timestamp": 1618383910827}
[2021-04-14 15:05:25,639]-loggers.py[line:44]-fuc:__console-INFO:入参：{}
[2021-04-14 15:05:25,867]-loggers.py[line:44]-fuc:__console-INFO:出参：{"code": 3001, "message": "链接类型code不能为空\n到期失效时间不能为空\n是否永久有效不能为空\n", "timestamp": 1618383926981}
[2021-04-14 15:08:14,983]-loggers.py[line:44]-fuc:__console-INFO:入参：{}
[2021-04-14 15:08:15,267]-loggers.py[line:44]-fuc:__console-INFO:出参：{"code": 3001, "message": "是否永久有效不能为空\n链接类型code不能为空\n到期失效时间不能为空\n", "timestamp": 1618384096335}
[2021-04-14 15:08:21,384]-loggers.py[line:44]-fuc:__console-INFO:入参：{}
[2021-04-14 15:08:21,536]-loggers.py[line:44]-fuc:__console-INFO:出参：{"code": 3001, "message": "链接类型code不能为空\n到期失效时间不能为空\n是否永久有效不能为空\n", "timestamp": 1618384102651}
[2021-04-14 15:08:30,036]-loggers.py[line:44]-fuc:__console-INFO:入参：{}
[2021-04-14 15:08:30,125]-loggers.py[line:44]-fuc:__console-INFO:出参：{"code": 3001, "message": "是否永久有效不能为空\n链接类型code不能为空\n到期失效时间不能为空\n", "timestamp": 1618384111241}
[2021-04-14 19:38:00,663]-loggers.py[line:44]-fuc:__console-INFO:入参：{'linkTypeCode': 'fixed', 'miniAppId': 66, 'params': {'linkBackType': 1, 'code': 'fixed', 'pageCode': 'shopIndex', 'pageId': 1, 'pageName': '购物首页', 'pagePath': 'index/pages/shopping/shopping', 'typeCode': 'shopIndex'}, 'paramsJsonString': "{'linkBackType': 1, 'code': 'fixed', 'pageCode': 'shopIndex', 'pageId': 1, 'pageName': '购物首页', 'pagePath': 'index/pages/shopping/shopping', 'typeCode': 'shopIndex'}", 'isExpire': 0, 'expireTime': '2021-04-14 19:39:00'}
[2021-04-14 19:38:01,006]-loggers.py[line:44]-fuc:__console-INFO:出参：{"code": 32023, "message": "有效期时间与当前时间的间隔必须大于1分钟且小于1年", "timestamp": 1618400282223}
[2021-04-14 19:38:01,226]-loggers.py[line:44]-fuc:__console-INFO:入参：{'linkTypeCode': 'fixed', 'miniAppId': 66, 'params': {'linkBackType': 1, 'code': 'fixed', 'pageCode': 'shopIndex', 'pageId': 1, 'pageName': '购物首页', 'pagePath': 'index/pages/shopping/shopping', 'typeCode': 'shopIndex'}, 'paramsJsonString': "{'linkBackType': 1, 'code': 'fixed', 'pageCode': 'shopIndex', 'pageId': 1, 'pageName': '购物首页', 'pagePath': 'index/pages/shopping/shopping', 'typeCode': 'shopIndex'}", 'isExpire': 0, 'expireTime': '2022-04-16 19:38:00'}
[2021-04-14 19:38:01,339]-loggers.py[line:44]-fuc:__console-INFO:出参：{"code": 32023, "message": "有效期时间与当前时间的间隔必须大于1分钟且小于1年", "timestamp": 1618400282558}
[2021-04-14 19:38:01,491]-loggers.py[line:44]-fuc:__console-INFO:入参：{'linkTypeCode': 'fixed', 'miniAppId': 66, 'params': {'linkBackType': 1, 'code': 'fixed', 'pageCode': 'shopIndex', 'pageId': 1, 'pageName': '购物首页', 'pagePath': 'index/pages/shopping/shopping', 'typeCode': 'shopIndex'}, 'paramsJsonString': "{'linkBackType': 1, 'code': 'fixed', 'pageCode': 'shopIndex', 'pageId': 1, 'pageName': '购物首页', 'pagePath': 'index/pages/shopping/shopping', 'typeCode': 'shopIndex'}", 'isExpire': 0, 'expireTime': ''}
[2021-04-14 19:38:01,543]-loggers.py[line:44]-fuc:__console-INFO:出参：{"code": 3001, "message": "到期失效时间不能为空\n", "timestamp": 1618400282762}
[2021-04-14 19:38:37,358]-loggers.py[line:44]-fuc:__console-INFO:入参：{'linkTypeCode': 'fixed', 'miniAppId': 66, 'params': {'linkBackType': 1, 'code': 'fixed', 'pageCode': 'shopIndex', 'pageId': 1, 'pageName': '购物首页', 'pagePath': 'index/pages/shopping/shopping', 'typeCode': 'shopIndex'}, 'paramsJsonString': "{'linkBackType': 1, 'code': 'fixed', 'pageCode': 'shopIndex', 'pageId': 1, 'pageName': '购物首页', 'pagePath': 'index/pages/shopping/shopping', 'typeCode': 'shopIndex'}", 'isExpire': 0, 'expireTime': '2021-04-14 19:39:37'}
[2021-04-14 19:38:37,523]-loggers.py[line:44]-fuc:__console-INFO:出参：{"code": 32023, "message": "有效期时间与当前时间的间隔必须大于1分钟且小于1年", "timestamp": 1618400318742}
[2021-04-14 19:38:37,740]-loggers.py[line:44]-fuc:__console-INFO:入参：{'linkTypeCode': 'fixed', 'miniAppId': 66, 'params': {'linkBackType': 1, 'code': 'fixed', 'pageCode': 'shopIndex', 'pageId': 1, 'pageName': '购物首页', 'pagePath': 'index/pages/shopping/shopping', 'typeCode': 'shopIndex'}, 'paramsJsonString': "{'linkBackType': 1, 'code': 'fixed', 'pageCode': 'shopIndex', 'pageId': 1, 'pageName': '购物首页', 'pagePath': 'index/pages/shopping/shopping', 'typeCode': 'shopIndex'}", 'isExpire': 0, 'expireTime': '2022-04-16 19:38:37'}
[2021-04-14 19:38:37,807]-loggers.py[line:44]-fuc:__console-INFO:出参：{"code": 32023, "message": "有效期时间与当前时间的间隔必须大于1分钟且小于1年", "timestamp": 1618400319026}
[2021-04-14 19:38:37,947]-loggers.py[line:44]-fuc:__console-INFO:入参：{'linkTypeCode': 'fixed', 'miniAppId': 66, 'params': {'linkBackType': 1, 'code': 'fixed', 'pageCode': 'shopIndex', 'pageId': 1, 'pageName': '购物首页', 'pagePath': 'index/pages/shopping/shopping', 'typeCode': 'shopIndex'}, 'paramsJsonString': "{'linkBackType': 1, 'code': 'fixed', 'pageCode': 'shopIndex', 'pageId': 1, 'pageName': '购物首页', 'pagePath': 'index/pages/shopping/shopping', 'typeCode': 'shopIndex'}", 'isExpire': 0, 'expireTime': ''}
[2021-04-14 19:38:38,039]-loggers.py[line:44]-fuc:__console-INFO:出参：{"code": 3001, "message": "到期失效时间不能为空\n", "timestamp": 1618400319256}
[2021-04-14 19:40:32,911]-loggers.py[line:44]-fuc:__console-INFO:入参：{'linkTypeCode': 'fixed', 'miniAppId': 66, 'params': {'linkBackType': 1, 'code': 'fixed', 'pageCode': 'shopIndex', 'pageId': 1, 'pageName': '购物首页', 'pagePath': 'index/pages/shopping/shopping', 'typeCode': 'shopIndex'}, 'paramsJsonString': "{'linkBackType': 1, 'code': 'fixed', 'pageCode': 'shopIndex', 'pageId': 1, 'pageName': '购物首页', 'pagePath': 'index/pages/shopping/shopping', 'typeCode': 'shopIndex'}", 'isExpire': 0, 'expireTime': '2021-04-14 19:41:32'}
[2021-04-14 19:40:33,032]-loggers.py[line:44]-fuc:__console-INFO:出参：{"code": 32023, "message": "有效期时间与当前时间的间隔必须大于1分钟且小于1年", "timestamp": 1618400434253}
[2021-04-14 19:40:33,161]-loggers.py[line:44]-fuc:__console-INFO:入参：{'linkTypeCode': 'fixed', 'miniAppId': 66, 'params': {'linkBackType': 1, 'code': 'fixed', 'pageCode': 'shopIndex', 'pageId': 1, 'pageName': '购物首页', 'pagePath': 'index/pages/shopping/shopping', 'typeCode': 'shopIndex'}, 'paramsJsonString': "{'linkBackType': 1, 'code': 'fixed', 'pageCode': 'shopIndex', 'pageId': 1, 'pageName': '购物首页', 'pagePath': 'index/pages/shopping/shopping', 'typeCode': 'shopIndex'}", 'isExpire': 0, 'expireTime': '2022-04-16 19:40:32'}
[2021-04-14 19:40:33,249]-loggers.py[line:44]-fuc:__console-INFO:出参：{"code": 32023, "message": "有效期时间与当前时间的间隔必须大于1分钟且小于1年", "timestamp": 1618400434467}
[2021-04-14 19:40:33,388]-loggers.py[line:44]-fuc:__console-INFO:入参：{'linkTypeCode': 'fixed', 'miniAppId': 66, 'params': {'linkBackType': 1, 'code': 'fixed', 'pageCode': 'shopIndex', 'pageId': 1, 'pageName': '购物首页', 'pagePath': 'index/pages/shopping/shopping', 'typeCode': 'shopIndex'}, 'paramsJsonString': "{'linkBackType': 1, 'code': 'fixed', 'pageCode': 'shopIndex', 'pageId': 1, 'pageName': '购物首页', 'pagePath': 'index/pages/shopping/shopping', 'typeCode': 'shopIndex'}", 'isExpire': 0, 'expireTime': ''}
[2021-04-14 19:40:33,495]-loggers.py[line:44]-fuc:__console-INFO:出参：{"code": 3001, "message": "到期失效时间不能为空\n", "timestamp": 1618400434715}
[2021-04-14 19:45:40,251]-loggers.py[line:44]-fuc:__console-INFO:入参：{'linkTypeCode': 'fixed', 'miniAppId': 66, 'params': {'linkBackType': 1, 'code': 'fixed', 'pageCode': 'shopIndex', 'pageId': 1, 'pageName': '购物首页', 'pagePath': 'index/pages/shopping/shopping', 'typeCode': 'shopIndex'}, 'paramsJsonString': "{'linkBackType': 1, 'code': 'fixed', 'pageCode': 'shopIndex', 'pageId': 1, 'pageName': '购物首页', 'pagePath': 'index/pages/shopping/shopping', 'typeCode': 'shopIndex'}", 'isExpire': 0, 'expireTime': '2021-04-14 19:46:40'},{'jt': '16184007412756f25e29ed3e54bfdb90fdaeb6187c6fd-1_hlj_pc-browser', 'Content-Type': 'application/json;charset=UTF-8'}
[2021-04-14 19:45:40,419]-loggers.py[line:44]-fuc:__console-INFO:出参：{"code": 32023, "message": "有效期时间与当前时间的间隔必须大于1分钟且小于1年", "timestamp": 1618400741640}
[2021-04-14 19:45:40,548]-loggers.py[line:44]-fuc:__console-INFO:入参：{'linkTypeCode': 'fixed', 'miniAppId': 66, 'params': {'linkBackType': 1, 'code': 'fixed', 'pageCode': 'shopIndex', 'pageId': 1, 'pageName': '购物首页', 'pagePath': 'index/pages/shopping/shopping', 'typeCode': 'shopIndex'}, 'paramsJsonString': "{'linkBackType': 1, 'code': 'fixed', 'pageCode': 'shopIndex', 'pageId': 1, 'pageName': '购物首页', 'pagePath': 'index/pages/shopping/shopping', 'typeCode': 'shopIndex'}", 'isExpire': 0, 'expireTime': '2022-04-16 19:45:40'},{'jt': '16184007412756f25e29ed3e54bfdb90fdaeb6187c6fd-1_hlj_pc-browser', 'Content-Type': 'application/json;charset=UTF-8'}
[2021-04-14 19:45:40,608]-loggers.py[line:44]-fuc:__console-INFO:出参：{"code": 32023, "message": "有效期时间与当前时间的间隔必须大于1分钟且小于1年", "timestamp": 1618400741831}
[2021-04-14 19:45:40,811]-loggers.py[line:44]-fuc:__console-INFO:入参：{'linkTypeCode': 'fixed', 'miniAppId': 66, 'params': {'linkBackType': 1, 'code': 'fixed', 'pageCode': 'shopIndex', 'pageId': 1, 'pageName': '购物首页', 'pagePath': 'index/pages/shopping/shopping', 'typeCode': 'shopIndex'}, 'paramsJsonString': "{'linkBackType': 1, 'code': 'fixed', 'pageCode': 'shopIndex', 'pageId': 1, 'pageName': '购物首页', 'pagePath': 'index/pages/shopping/shopping', 'typeCode': 'shopIndex'}", 'isExpire': 0, 'expireTime': ''},{'jt': '16184007412756f25e29ed3e54bfdb90fdaeb6187c6fd-1_hlj_pc-browser', 'Content-Type': 'application/json;charset=UTF-8'}
[2021-04-14 19:45:40,878]-loggers.py[line:44]-fuc:__console-INFO:出参：{"code": 3001, "message": "到期失效时间不能为空\n", "timestamp": 1618400742099}
[2021-04-14 20:44:38,987]-loggers.py[line:44]-fuc:__console-INFO:入参：{'linkTypeCode': 'fixed', 'miniAppId': 66, 'params': {'linkBackType': 1, 'code': 'fixed', 'pageCode': 'shopIndex', 'pageId': 1, 'pageName': '购物首页', 'pagePath': 'index/pages/shopping/shopping', 'typeCode': 'shopIndex'}, 'paramsJsonString': "{'linkBackType': 1, 'code': 'fixed', 'pageCode': 'shopIndex', 'pageId': 1, 'pageName': '购物首页', 'pagePath': 'index/pages/shopping/shopping', 'typeCode': 'shopIndex'}", 'isExpire': 0, 'expireTime': '2021-04-14 20:45:38'}
[2021-04-14 20:44:39,103]-loggers.py[line:44]-fuc:__console-INFO:出参：{"code": 32023, "message": "有效期时间与当前时间的间隔必须大于1分钟且小于1年", "timestamp": 1618404280348}
[2021-04-14 20:44:39,358]-loggers.py[line:44]-fuc:__console-INFO:入参：{'linkTypeCode': 'fixed', 'miniAppId': 66, 'params': {'linkBackType': 1, 'code': 'fixed', 'pageCode': 'shopIndex', 'pageId': 1, 'pageName': '购物首页', 'pagePath': 'index/pages/shopping/shopping', 'typeCode': 'shopIndex'}, 'paramsJsonString': "{'linkBackType': 1, 'code': 'fixed', 'pageCode': 'shopIndex', 'pageId': 1, 'pageName': '购物首页', 'pagePath': 'index/pages/shopping/shopping', 'typeCode': 'shopIndex'}", 'isExpire': 0, 'expireTime': '2022-04-16 20:44:38'}
[2021-04-14 20:44:39,465]-loggers.py[line:44]-fuc:__console-INFO:出参：{"code": 32023, "message": "有效期时间与当前时间的间隔必须大于1分钟且小于1年", "timestamp": 1618404280710}
[2021-04-14 20:44:39,717]-loggers.py[line:44]-fuc:__console-INFO:入参：{'linkTypeCode': 'fixed', 'miniAppId': 66, 'params': {'linkBackType': 1, 'code': 'fixed', 'pageCode': 'shopIndex', 'pageId': 1, 'pageName': '购物首页', 'pagePath': 'index/pages/shopping/shopping', 'typeCode': 'shopIndex'}, 'paramsJsonString': "{'linkBackType': 1, 'code': 'fixed', 'pageCode': 'shopIndex', 'pageId': 1, 'pageName': '购物首页', 'pagePath': 'index/pages/shopping/shopping', 'typeCode': 'shopIndex'}", 'isExpire': 0, 'expireTime': ''}
[2021-04-14 20:44:39,783]-loggers.py[line:44]-fuc:__console-INFO:出参：{"code": 3001, "message": "到期失效时间不能为空\n", "timestamp": 1618404281029}
[2021-04-14 21:06:46,035]-loggers.py[line:44]-fuc:__console-INFO:入参：{'linkTypeCode': 'fixed', 'miniAppId': 66, 'params': {'linkBackType': 1, 'code': 'fixed', 'pageCode': 'shopIndex', 'pageId': 1, 'pageName': '购物首页', 'pagePath': 'index/pages/shopping/shopping', 'typeCode': 'shopIndex'}, 'paramsJsonString': "{'linkBackType': 1, 'code': 'fixed', 'pageCode': 'shopIndex', 'pageId': 1, 'pageName': '购物首页', 'pagePath': 'index/pages/shopping/shopping', 'typeCode': 'shopIndex'}", 'isExpire': 0, 'expireTime': '2021-04-14 21:07:45'}
[2021-04-14 21:06:46,203]-loggers.py[line:44]-fuc:__console-INFO:出参：{"code": 32023, "message": "有效期时间与当前时间的间隔必须大于1分钟且小于1年", "timestamp": 1618405607456}
[2021-04-14 21:06:46,326]-loggers.py[line:44]-fuc:__console-INFO:入参：{'linkTypeCode': 'fixed', 'miniAppId': 66, 'params': {'linkBackType': 1, 'code': 'fixed', 'pageCode': 'shopIndex', 'pageId': 1, 'pageName': '购物首页', 'pagePath': 'index/pages/shopping/shopping', 'typeCode': 'shopIndex'}, 'paramsJsonString': "{'linkBackType': 1, 'code': 'fixed', 'pageCode': 'shopIndex', 'pageId': 1, 'pageName': '购物首页', 'pagePath': 'index/pages/shopping/shopping', 'typeCode': 'shopIndex'}", 'isExpire': 0, 'expireTime': '2022-04-16 21:06:45'}
[2021-04-14 21:06:46,459]-loggers.py[line:44]-fuc:__console-INFO:出参：{"code": 32023, "message": "有效期时间与当前时间的间隔必须大于1分钟且小于1年", "timestamp": 1618405607713}
[2021-04-14 21:06:46,592]-loggers.py[line:44]-fuc:__console-INFO:入参：{'linkTypeCode': 'fixed', 'miniAppId': 66, 'params': {'linkBackType': 1, 'code': 'fixed', 'pageCode': 'shopIndex', 'pageId': 1, 'pageName': '购物首页', 'pagePath': 'index/pages/shopping/shopping', 'typeCode': 'shopIndex'}, 'paramsJsonString': "{'linkBackType': 1, 'code': 'fixed', 'pageCode': 'shopIndex', 'pageId': 1, 'pageName': '购物首页', 'pagePath': 'index/pages/shopping/shopping', 'typeCode': 'shopIndex'}", 'isExpire': 0, 'expireTime': ''}
[2021-04-14 21:06:46,647]-loggers.py[line:44]-fuc:__console-INFO:出参：{"code": 3001, "message": "到期失效时间不能为空\n", "timestamp": 1618405607901}
[2021-04-14 21:06:46,769]-loggers.py[line:44]-fuc:__console-INFO:入参：{}
[2021-04-14 21:06:46,825]-loggers.py[line:44]-fuc:__console-INFO:出参：{"code": 3001, "message": "是否永久有效不能为空\n链接类型code不能为空\n到期失效时间不能为空\n", "timestamp": 1618405608074}
[2021-04-14 21:10:09,081]-loggers.py[line:44]-fuc:__console-INFO:入参：{'linkTypeCode': 'fixed', 'miniAppId': 66, 'params': {'linkBackType': 1, 'code': 'fixed', 'pageCode': 'shopIndex', 'pageId': 1, 'pageName': '购物首页', 'pagePath': 'index/pages/shopping/shopping', 'typeCode': 'shopIndex'}, 'paramsJsonString': "{'linkBackType': 1, 'code': 'fixed', 'pageCode': 'shopIndex', 'pageId': 1, 'pageName': '购物首页', 'pagePath': 'index/pages/shopping/shopping', 'typeCode': 'shopIndex'}", 'isExpire': 0, 'expireTime': '2021-04-14 21:11:08'}
[2021-04-14 21:10:09,216]-loggers.py[line:44]-fuc:__console-INFO:出参：{"code": 32023, "message": "有效期时间与当前时间的间隔必须大于1分钟且小于1年", "timestamp": 1618405810471}
[2021-04-14 21:10:09,470]-loggers.py[line:44]-fuc:__console-INFO:入参：{'linkTypeCode': 'fixed', 'miniAppId': 66, 'params': {'linkBackType': 1, 'code': 'fixed', 'pageCode': 'shopIndex', 'pageId': 1, 'pageName': '购物首页', 'pagePath': 'index/pages/shopping/shopping', 'typeCode': 'shopIndex'}, 'paramsJsonString': "{'linkBackType': 1, 'code': 'fixed', 'pageCode': 'shopIndex', 'pageId': 1, 'pageName': '购物首页', 'pagePath': 'index/pages/shopping/shopping', 'typeCode': 'shopIndex'}", 'isExpire': 0, 'expireTime': '2022-04-16 21:10:08'}
[2021-04-14 21:10:09,558]-loggers.py[line:44]-fuc:__console-INFO:出参：{"code": 32023, "message": "有效期时间与当前时间的间隔必须大于1分钟且小于1年", "timestamp": 1618405810813}
[2021-04-14 21:10:09,819]-loggers.py[line:44]-fuc:__console-INFO:入参：{'linkTypeCode': 'fixed', 'miniAppId': 66, 'params': {'linkBackType': 1, 'code': 'fixed', 'pageCode': 'shopIndex', 'pageId': 1, 'pageName': '购物首页', 'pagePath': 'index/pages/shopping/shopping', 'typeCode': 'shopIndex'}, 'paramsJsonString': "{'linkBackType': 1, 'code': 'fixed', 'pageCode': 'shopIndex', 'pageId': 1, 'pageName': '购物首页', 'pagePath': 'index/pages/shopping/shopping', 'typeCode': 'shopIndex'}", 'isExpire': 0, 'expireTime': ''}
[2021-04-14 21:10:09,887]-loggers.py[line:44]-fuc:__console-INFO:出参：{"code": 3001, "message": "到期失效时间不能为空\n", "timestamp": 1618405811130}
[2021-04-14 21:10:10,159]-loggers.py[line:44]-fuc:__console-INFO:入参：{}
[2021-04-14 21:10:10,219]-loggers.py[line:44]-fuc:__console-INFO:出参：{"code": 3001, "message": "是否永久有效不能为空\n链接类型code不能为空\n到期失效时间不能为空\n", "timestamp": 1618405811465}
[2021-04-14 21:33:18,894]-loggers.py[line:44]-fuc:__console-INFO:入参：{'linkTypeCode': 'fixed', 'miniAppId': 66, 'params': {'linkBackType': 1, 'code': 'fixed', 'pageCode': 'shopIndex', 'pageId': 1, 'pageName': '购物首页', 'pagePath': 'index/pages/shopping/shopping', 'typeCode': 'shopIndex'}, 'paramsJsonString': "{'linkBackType': 1, 'code': 'fixed', 'pageCode': 'shopIndex', 'pageId': 1, 'pageName': '购物首页', 'pagePath': 'index/pages/shopping/shopping', 'typeCode': 'shopIndex'}", 'isExpire': 0, 'expireTime': '2021-04-14 21:34:18'}
[2021-04-14 21:33:19,015]-loggers.py[line:44]-fuc:__console-INFO:出参：{"code": 32023, "message": "有效期时间与当前时间的间隔必须大于1分钟且小于1年", "timestamp": 1618407200279}
[2021-04-14 21:33:19,233]-loggers.py[line:44]-fuc:__console-INFO:入参：{'linkTypeCode': 'fixed', 'miniAppId': 66, 'params': {'linkBackType': 1, 'code': 'fixed', 'pageCode': 'shopIndex', 'pageId': 1, 'pageName': '购物首页', 'pagePath': 'index/pages/shopping/shopping', 'typeCode': 'shopIndex'}, 'paramsJsonString': "{'linkBackType': 1, 'code': 'fixed', 'pageCode': 'shopIndex', 'pageId': 1, 'pageName': '购物首页', 'pagePath': 'index/pages/shopping/shopping', 'typeCode': 'shopIndex'}", 'isExpire': 0, 'expireTime': '2022-04-16 21:33:18'}
[2021-04-14 21:33:19,286]-loggers.py[line:44]-fuc:__console-INFO:出参：{"code": 32023, "message": "有效期时间与当前时间的间隔必须大于1分钟且小于1年", "timestamp": 1618407200550}
[2021-04-14 21:33:19,421]-loggers.py[line:44]-fuc:__console-INFO:入参：{'linkTypeCode': 'fixed', 'miniAppId': 66, 'params': {'linkBackType': 1, 'code': 'fixed', 'pageCode': 'shopIndex', 'pageId': 1, 'pageName': '购物首页', 'pagePath': 'index/pages/shopping/shopping', 'typeCode': 'shopIndex'}, 'paramsJsonString': "{'linkBackType': 1, 'code': 'fixed', 'pageCode': 'shopIndex', 'pageId': 1, 'pageName': '购物首页', 'pagePath': 'index/pages/shopping/shopping', 'typeCode': 'shopIndex'}", 'isExpire': 0, 'expireTime': ''}
[2021-04-14 21:33:19,488]-loggers.py[line:44]-fuc:__console-INFO:出参：{"code": 3001, "message": "到期失效时间不能为空\n", "timestamp": 1618407200750}
[2021-04-14 21:33:19,619]-loggers.py[line:44]-fuc:__console-INFO:入参：{}
[2021-04-14 21:33:19,668]-loggers.py[line:44]-fuc:__console-INFO:出参：{"code": 3001, "message": "到期失效时间不能为空\n是否永久有效不能为空\n链接类型code不能为空\n", "timestamp": 1618407200933}
[2021-04-14 21:34:21,970]-loggers.py[line:44]-fuc:__console-INFO:入参：{'linkTypeCode': 'fixed', 'miniAppId': 66, 'params': {'linkBackType': 1, 'code': 'fixed', 'pageCode': 'shopIndex', 'pageId': 1, 'pageName': '购物首页', 'pagePath': 'index/pages/shopping/shopping', 'typeCode': 'shopIndex'}, 'paramsJsonString': "{'linkBackType': 1, 'code': 'fixed', 'pageCode': 'shopIndex', 'pageId': 1, 'pageName': '购物首页', 'pagePath': 'index/pages/shopping/shopping', 'typeCode': 'shopIndex'}", 'isExpire': 0, 'expireTime': '2021-04-14 21:35:21'}
[2021-04-14 21:34:22,081]-loggers.py[line:44]-fuc:__console-INFO:出参：{"code": 32023, "message": "有效期时间与当前时间的间隔必须大于1分钟且小于1年", "timestamp": 1618407263346}
[2021-04-14 21:34:22,424]-loggers.py[line:44]-fuc:__console-INFO:入参：{'linkTypeCode': 'fixed', 'miniAppId': 66, 'params': {'linkBackType': 1, 'code': 'fixed', 'pageCode': 'shopIndex', 'pageId': 1, 'pageName': '购物首页', 'pagePath': 'index/pages/shopping/shopping', 'typeCode': 'shopIndex'}, 'paramsJsonString': "{'linkBackType': 1, 'code': 'fixed', 'pageCode': 'shopIndex', 'pageId': 1, 'pageName': '购物首页', 'pagePath': 'index/pages/shopping/shopping', 'typeCode': 'shopIndex'}", 'isExpire': 0, 'expireTime': '2022-04-16 21:34:21'}
[2021-04-14 21:34:22,560]-loggers.py[line:44]-fuc:__console-INFO:出参：{"code": 32023, "message": "有效期时间与当前时间的间隔必须大于1分钟且小于1年", "timestamp": 1618407263826}
[2021-04-14 21:34:22,811]-loggers.py[line:44]-fuc:__console-INFO:入参：{'linkTypeCode': 'fixed', 'miniAppId': 66, 'params': {'linkBackType': 1, 'code': 'fixed', 'pageCode': 'shopIndex', 'pageId': 1, 'pageName': '购物首页', 'pagePath': 'index/pages/shopping/shopping', 'typeCode': 'shopIndex'}, 'paramsJsonString': "{'linkBackType': 1, 'code': 'fixed', 'pageCode': 'shopIndex', 'pageId': 1, 'pageName': '购物首页', 'pagePath': 'index/pages/shopping/shopping', 'typeCode': 'shopIndex'}", 'isExpire': 0, 'expireTime': ''}
[2021-04-14 21:34:22,940]-loggers.py[line:44]-fuc:__console-INFO:出参：{"code": 3001, "message": "到期失效时间不能为空\n", "timestamp": 1618407264203}
[2021-04-14 21:36:18,401]-loggers.py[line:44]-fuc:__console-INFO:入参：{'linkTypeCode': 'fixed', 'miniAppId': 66, 'params': {'linkBackType': 1, 'code': 'fixed', 'pageCode': 'shopIndex', 'pageId': 1, 'pageName': '购物首页', 'pagePath': 'index/pages/shopping/shopping', 'typeCode': 'shopIndex'}, 'paramsJsonString': "{'linkBackType': 1, 'code': 'fixed', 'pageCode': 'shopIndex', 'pageId': 1, 'pageName': '购物首页', 'pagePath': 'index/pages/shopping/shopping', 'typeCode': 'shopIndex'}", 'isExpire': 0, 'expireTime': 10}
[2021-04-14 21:36:18,483]-loggers.py[line:44]-fuc:__console-INFO:出参：{"code": 32023, "message": "有效期时间与当前时间的间隔必须大于1分钟且小于1年", "timestamp": 1618407379747}
[2021-04-14 21:37:23,294]-loggers.py[line:44]-fuc:__console-INFO:入参：{'linkTypeCode': 'fixed', 'miniAppId': 66, 'params': {'linkBackType': 1, 'code': 'fixed', 'pageCode': 'shopIndex', 'pageId': 1, 'pageName': '购物首页', 'pagePath': 'index/pages/shopping/shopping', 'typeCode': 'shopIndex'}, 'paramsJsonString': "{'linkBackType': 1, 'code': 'fixed', 'pageCode': 'shopIndex', 'pageId': 1, 'pageName': '购物首页', 'pagePath': 'index/pages/shopping/shopping', 'typeCode': 'shopIndex'}", 'isExpire': 0, 'expireTime': '2021-04-14 21:38:23'}
[2021-04-14 21:37:23,382]-loggers.py[line:44]-fuc:__console-INFO:出参：{"code": 32023, "message": "有效期时间与当前时间的间隔必须大于1分钟且小于1年", "timestamp": 1618407444647}
[2021-04-14 21:37:23,596]-loggers.py[line:44]-fuc:__console-INFO:入参：{'linkTypeCode': 'fixed', 'miniAppId': 66, 'params': {'linkBackType': 1, 'code': 'fixed', 'pageCode': 'shopIndex', 'pageId': 1, 'pageName': '购物首页', 'pagePath': 'index/pages/shopping/shopping', 'typeCode': 'shopIndex'}, 'paramsJsonString': "{'linkBackType': 1, 'code': 'fixed', 'pageCode': 'shopIndex', 'pageId': 1, 'pageName': '购物首页', 'pagePath': 'index/pages/shopping/shopping', 'typeCode': 'shopIndex'}", 'isExpire': 0, 'expireTime': '2022-04-16 21:37:23'}
[2021-04-14 21:37:23,677]-loggers.py[line:44]-fuc:__console-INFO:出参：{"code": 32023, "message": "有效期时间与当前时间的间隔必须大于1分钟且小于1年", "timestamp": 1618407444941}
[2021-04-14 21:37:23,815]-loggers.py[line:44]-fuc:__console-INFO:入参：{'linkTypeCode': 'fixed', 'miniAppId': 66, 'params': {'linkBackType': 1, 'code': 'fixed', 'pageCode': 'shopIndex', 'pageId': 1, 'pageName': '购物首页', 'pagePath': 'index/pages/shopping/shopping', 'typeCode': 'shopIndex'}, 'paramsJsonString': "{'linkBackType': 1, 'code': 'fixed', 'pageCode': 'shopIndex', 'pageId': 1, 'pageName': '购物首页', 'pagePath': 'index/pages/shopping/shopping', 'typeCode': 'shopIndex'}", 'isExpire': 0, 'expireTime': ''}
[2021-04-14 21:37:23,880]-loggers.py[line:44]-fuc:__console-INFO:出参：{"code": 3001, "message": "到期失效时间不能为空\n", "timestamp": 1618407445143}
[2021-04-14 21:39:09,303]-loggers.py[line:44]-fuc:__console-INFO:入参：{'linkTypeCode': 'fixed', 'miniAppId': 66, 'params': {'linkBackType': 1, 'code': 'fixed', 'pageCode': 'shopIndex', 'pageId': 1, 'pageName': '购物首页', 'pagePath': 'index/pages/shopping/shopping', 'typeCode': 'shopIndex'}, 'paramsJsonString': "{'linkBackType': 1, 'code': 'fixed', 'pageCode': 'shopIndex', 'pageId': 1, 'pageName': '购物首页', 'pagePath': 'index/pages/shopping/shopping', 'typeCode': 'shopIndex'}", 'isExpire': 0, 'expireTime': '2021-04-14 21:40:09'}
[2021-04-14 21:39:09,526]-loggers.py[line:44]-fuc:__console-INFO:出参：{"code": 32023, "message": "有效期时间与当前时间的间隔必须大于1分钟且小于1年", "timestamp": 1618407550790}
[2021-04-14 21:39:09,751]-loggers.py[line:44]-fuc:__console-INFO:入参：{'linkTypeCode': 'fixed', 'miniAppId': 66, 'params': {'linkBackType': 1, 'code': 'fixed', 'pageCode': 'shopIndex', 'pageId': 1, 'pageName': '购物首页', 'pagePath': 'index/pages/shopping/shopping', 'typeCode': 'shopIndex'}, 'paramsJsonString': "{'linkBackType': 1, 'code': 'fixed', 'pageCode': 'shopIndex', 'pageId': 1, 'pageName': '购物首页', 'pagePath': 'index/pages/shopping/shopping', 'typeCode': 'shopIndex'}", 'isExpire': 0, 'expireTime': '2022-04-16 21:39:09'}
[2021-04-14 21:39:09,857]-loggers.py[line:44]-fuc:__console-INFO:出参：{"code": 32023, "message": "有效期时间与当前时间的间隔必须大于1分钟且小于1年", "timestamp": 1618407551124}
[2021-04-14 21:39:09,992]-loggers.py[line:44]-fuc:__console-INFO:入参：{'linkTypeCode': 'fixed', 'miniAppId': 66, 'params': {'linkBackType': 1, 'code': 'fixed', 'pageCode': 'shopIndex', 'pageId': 1, 'pageName': '购物首页', 'pagePath': 'index/pages/shopping/shopping', 'typeCode': 'shopIndex'}, 'paramsJsonString': "{'linkBackType': 1, 'code': 'fixed', 'pageCode': 'shopIndex', 'pageId': 1, 'pageName': '购物首页', 'pagePath': 'index/pages/shopping/shopping', 'typeCode': 'shopIndex'}", 'isExpire': 0, 'expireTime': ''}
[2021-04-14 21:39:10,052]-loggers.py[line:44]-fuc:__console-INFO:出参：{"code": 3001, "message": "到期失效时间不能为空\n", "timestamp": 1618407551318}
[2021-04-14 21:39:55,619]-loggers.py[line:44]-fuc:__console-INFO:入参：{'linkTypeCode': 'fixed', 'miniAppId': 66, 'params': {'linkBackType': 1, 'code': 'fixed', 'pageCode': 'shopIndex', 'pageId': 1, 'pageName': '购物首页', 'pagePath': 'index/pages/shopping/shopping', 'typeCode': 'shopIndex'}, 'paramsJsonString': "{'linkBackType': 1, 'code': 'fixed', 'pageCode': 'shopIndex', 'pageId': 1, 'pageName': '购物首页', 'pagePath': 'index/pages/shopping/shopping', 'typeCode': 'shopIndex'}", 'isExpire': 0, 'expireTime': '2021-04-14 21:40:55'}
[2021-04-14 21:39:55,790]-loggers.py[line:44]-fuc:__console-INFO:出参：{"code": 32023, "message": "有效期时间与当前时间的间隔必须大于1分钟且小于1年", "timestamp": 1618407597056}
[2021-04-14 21:39:56,006]-loggers.py[line:44]-fuc:__console-INFO:入参：{'linkTypeCode': 'fixed', 'miniAppId': 66, 'params': {'linkBackType': 1, 'code': 'fixed', 'pageCode': 'shopIndex', 'pageId': 1, 'pageName': '购物首页', 'pagePath': 'index/pages/shopping/shopping', 'typeCode': 'shopIndex'}, 'paramsJsonString': "{'linkBackType': 1, 'code': 'fixed', 'pageCode': 'shopIndex', 'pageId': 1, 'pageName': '购物首页', 'pagePath': 'index/pages/shopping/shopping', 'typeCode': 'shopIndex'}", 'isExpire': 0, 'expireTime': '2022-04-16 21:39:55'}
[2021-04-14 21:39:56,095]-loggers.py[line:44]-fuc:__console-INFO:出参：{"code": 32023, "message": "有效期时间与当前时间的间隔必须大于1分钟且小于1年", "timestamp": 1618407597359}
[2021-04-14 21:39:56,223]-loggers.py[line:44]-fuc:__console-INFO:入参：{'linkTypeCode': 'fixed', 'miniAppId': 66, 'params': {'linkBackType': 1, 'code': 'fixed', 'pageCode': 'shopIndex', 'pageId': 1, 'pageName': '购物首页', 'pagePath': 'index/pages/shopping/shopping', 'typeCode': 'shopIndex'}, 'paramsJsonString': "{'linkBackType': 1, 'code': 'fixed', 'pageCode': 'shopIndex', 'pageId': 1, 'pageName': '购物首页', 'pagePath': 'index/pages/shopping/shopping', 'typeCode': 'shopIndex'}", 'isExpire': 0, 'expireTime': ''}
[2021-04-14 21:39:56,276]-loggers.py[line:44]-fuc:__console-INFO:出参：{"code": 3001, "message": "到期失效时间不能为空\n", "timestamp": 1618407597543}
[2021-04-14 21:48:46,723]-loggers.py[line:44]-fuc:__console-INFO:入参：{'linkTypeCode': 'fixed', 'miniAppId': 66, 'params': {'linkBackType': 1, 'code': 'fixed', 'pageCode': 'shopIndex', 'pageId': 1, 'pageName': '购物首页', 'pagePath': 'index/pages/shopping/shopping', 'typeCode': 'shopIndex'}, 'paramsJsonString': "{'linkBackType': 1, 'code': 'fixed', 'pageCode': 'shopIndex', 'pageId': 1, 'pageName': '购物首页', 'pagePath': 'index/pages/shopping/shopping', 'typeCode': 'shopIndex'}", 'isExpire': 0, 'expireTime': '2021-04-14 21:49:46'}
[2021-04-14 21:48:46,937]-loggers.py[line:44]-fuc:__console-INFO:入参：{'linkTypeCode': 'fixed', 'miniAppId': 66, 'params': {'linkBackType': 1, 'code': 'fixed', 'pageCode': 'shopIndex', 'pageId': 1, 'pageName': '购物首页', 'pagePath': 'index/pages/shopping/shopping', 'typeCode': 'shopIndex'}, 'paramsJsonString': "{'linkBackType': 1, 'code': 'fixed', 'pageCode': 'shopIndex', 'pageId': 1, 'pageName': '购物首页', 'pagePath': 'index/pages/shopping/shopping', 'typeCode': 'shopIndex'}", 'isExpire': 0, 'expireTime': '2022-04-16 21:48:46'}
[2021-04-14 21:48:47,068]-loggers.py[line:44]-fuc:__console-INFO:入参：{'linkTypeCode': 'fixed', 'miniAppId': 66, 'params': {'linkBackType': 1, 'code': 'fixed', 'pageCode': 'shopIndex', 'pageId': 1, 'pageName': '购物首页', 'pagePath': 'index/pages/shopping/shopping', 'typeCode': 'shopIndex'}, 'paramsJsonString': "{'linkBackType': 1, 'code': 'fixed', 'pageCode': 'shopIndex', 'pageId': 1, 'pageName': '购物首页', 'pagePath': 'index/pages/shopping/shopping', 'typeCode': 'shopIndex'}", 'isExpire': 0, 'expireTime': ''}
[2021-04-14 21:49:11,111]-loggers.py[line:44]-fuc:__console-INFO:入参：{'linkTypeCode': 'fixed', 'miniAppId': 66, 'params': {'linkBackType': 1, 'code': 'fixed', 'pageCode': 'shopIndex', 'pageId': 1, 'pageName': '购物首页', 'pagePath': 'index/pages/shopping/shopping', 'typeCode': 'shopIndex'}, 'paramsJsonString': "{'linkBackType': 1, 'code': 'fixed', 'pageCode': 'shopIndex', 'pageId': 1, 'pageName': '购物首页', 'pagePath': 'index/pages/shopping/shopping', 'typeCode': 'shopIndex'}", 'isExpire': 0, 'expireTime': '2021-04-14 21:50:10'}
[2021-04-14 21:49:11,366]-loggers.py[line:44]-fuc:__console-INFO:入参：{'linkTypeCode': 'fixed', 'miniAppId': 66, 'params': {'linkBackType': 1, 'code': 'fixed', 'pageCode': 'shopIndex', 'pageId': 1, 'pageName': '购物首页', 'pagePath': 'index/pages/shopping/shopping', 'typeCode': 'shopIndex'}, 'paramsJsonString': "{'linkBackType': 1, 'code': 'fixed', 'pageCode': 'shopIndex', 'pageId': 1, 'pageName': '购物首页', 'pagePath': 'index/pages/shopping/shopping', 'typeCode': 'shopIndex'}", 'isExpire': 0, 'expireTime': '2022-04-16 21:49:10'}
[2021-04-14 21:49:11,493]-loggers.py[line:44]-fuc:__console-INFO:入参：{'linkTypeCode': 'fixed', 'miniAppId': 66, 'params': {'linkBackType': 1, 'code': 'fixed', 'pageCode': 'shopIndex', 'pageId': 1, 'pageName': '购物首页', 'pagePath': 'index/pages/shopping/shopping', 'typeCode': 'shopIndex'}, 'paramsJsonString': "{'linkBackType': 1, 'code': 'fixed', 'pageCode': 'shopIndex', 'pageId': 1, 'pageName': '购物首页', 'pagePath': 'index/pages/shopping/shopping', 'typeCode': 'shopIndex'}", 'isExpire': 0, 'expireTime': ''}
[2021-04-14 21:50:22,567]-loggers.py[line:44]-fuc:__console-INFO:入参：{'linkTypeCode': 'fixed', 'miniAppId': 66, 'params': {'linkBackType': 1, 'code': 'fixed', 'pageCode': 'shopIndex', 'pageId': 1, 'pageName': '购物首页', 'pagePath': 'index/pages/shopping/shopping', 'typeCode': 'shopIndex'}, 'paramsJsonString': "{'linkBackType': 1, 'code': 'fixed', 'pageCode': 'shopIndex', 'pageId': 1, 'pageName': '购物首页', 'pagePath': 'index/pages/shopping/shopping', 'typeCode': 'shopIndex'}", 'isExpire': 0, 'expireTime': '2021-04-14 21:51:22'}
[2021-04-14 21:50:22,674]-loggers.py[line:44]-fuc:__console-INFO:出参：{"code": 32023, "message": "有效期时间与当前时间的间隔必须大于1分钟且小于1年", "timestamp": 1618408223946}
[2021-04-14 21:50:22,800]-loggers.py[line:44]-fuc:__console-INFO:入参：{'linkTypeCode': 'fixed', 'miniAppId': 66, 'params': {'linkBackType': 1, 'code': 'fixed', 'pageCode': 'shopIndex', 'pageId': 1, 'pageName': '购物首页', 'pagePath': 'index/pages/shopping/shopping', 'typeCode': 'shopIndex'}, 'paramsJsonString': "{'linkBackType': 1, 'code': 'fixed', 'pageCode': 'shopIndex', 'pageId': 1, 'pageName': '购物首页', 'pagePath': 'index/pages/shopping/shopping', 'typeCode': 'shopIndex'}", 'isExpire': 0, 'expireTime': '2022-04-16 21:50:22'}
[2021-04-14 21:50:22,944]-loggers.py[line:44]-fuc:__console-INFO:出参：{"code": 32023, "message": "有效期时间与当前时间的间隔必须大于1分钟且小于1年", "timestamp": 1618408224215}
[2021-04-14 21:50:23,078]-loggers.py[line:44]-fuc:__console-INFO:入参：{'linkTypeCode': 'fixed', 'miniAppId': 66, 'params': {'linkBackType': 1, 'code': 'fixed', 'pageCode': 'shopIndex', 'pageId': 1, 'pageName': '购物首页', 'pagePath': 'index/pages/shopping/shopping', 'typeCode': 'shopIndex'}, 'paramsJsonString': "{'linkBackType': 1, 'code': 'fixed', 'pageCode': 'shopIndex', 'pageId': 1, 'pageName': '购物首页', 'pagePath': 'index/pages/shopping/shopping', 'typeCode': 'shopIndex'}", 'isExpire': 0, 'expireTime': ''}
[2021-04-14 21:50:23,185]-loggers.py[line:44]-fuc:__console-INFO:出参：{"code": 3001, "message": "到期失效时间不能为空\n", "timestamp": 1618408224456}
[2021-04-14 21:51:38,062]-loggers.py[line:44]-fuc:__console-INFO:入参：{'linkTypeCode': 'fixed', 'miniAppId': 66, 'params': {'linkBackType': 1, 'code': 'fixed', 'pageCode': 'shopIndex', 'pageId': 1, 'pageName': '购物首页', 'pagePath': 'index/pages/shopping/shopping', 'typeCode': 'shopIndex'}, 'paramsJsonString': "{'linkBackType': 1, 'code': 'fixed', 'pageCode': 'shopIndex', 'pageId': 1, 'pageName': '购物首页', 'pagePath': 'index/pages/shopping/shopping', 'typeCode': 'shopIndex'}", 'isExpire': 0, 'expireTime': '2021-04-14 21:52:37'}
[2021-04-14 21:51:38,167]-loggers.py[line:44]-fuc:__console-INFO:出参：{"code": 32023, "message": "有效期时间与当前时间的间隔必须大于1分钟且小于1年", "timestamp": 1618408299438}
[2021-04-14 21:51:38,510]-loggers.py[line:44]-fuc:__console-INFO:入参：{'linkTypeCode': 'fixed', 'miniAppId': 66, 'params': {'linkBackType': 1, 'code': 'fixed', 'pageCode': 'shopIndex', 'pageId': 1, 'pageName': '购物首页', 'pagePath': 'index/pages/shopping/shopping', 'typeCode': 'shopIndex'}, 'paramsJsonString': "{'linkBackType': 1, 'code': 'fixed', 'pageCode': 'shopIndex', 'pageId': 1, 'pageName': '购物首页', 'pagePath': 'index/pages/shopping/shopping', 'typeCode': 'shopIndex'}", 'isExpire': 0, 'expireTime': '2022-04-16 21:51:37'}
[2021-04-14 21:51:38,585]-loggers.py[line:44]-fuc:__console-INFO:出参：{"code": 32023, "message": "有效期时间与当前时间的间隔必须大于1分钟且小于1年", "timestamp": 1618408299854}
[2021-04-14 21:51:38,840]-loggers.py[line:44]-fuc:__console-INFO:入参：{'linkTypeCode': 'fixed', 'miniAppId': 66, 'params': {'linkBackType': 1, 'code': 'fixed', 'pageCode': 'shopIndex', 'pageId': 1, 'pageName': '购物首页', 'pagePath': 'index/pages/shopping/shopping', 'typeCode': 'shopIndex'}, 'paramsJsonString': "{'linkBackType': 1, 'code': 'fixed', 'pageCode': 'shopIndex', 'pageId': 1, 'pageName': '购物首页', 'pagePath': 'index/pages/shopping/shopping', 'typeCode': 'shopIndex'}", 'isExpire': 0, 'expireTime': ''}
[2021-04-14 21:51:38,921]-loggers.py[line:44]-fuc:__console-INFO:出参：{"code": 3001, "message": "到期失效时间不能为空\n", "timestamp": 1618408300191}
[2021-04-14 21:55:40,421]-loggers.py[line:44]-fuc:__console-INFO:入参：{'linkTypeCode': 'fixed', 'miniAppId': 66, 'params': {'linkBackType': 1, 'code': 'fixed', 'pageCode': 'shopIndex', 'pageId': 1, 'pageName': '购物首页', 'pagePath': 'index/pages/shopping/shopping', 'typeCode': 'shopIndex'}, 'paramsJsonString': "{'linkBackType': 1, 'code': 'fixed', 'pageCode': 'shopIndex', 'pageId': 1, 'pageName': '购物首页', 'pagePath': 'index/pages/shopping/shopping', 'typeCode': 'shopIndex'}", 'isExpire': 0, 'expireTime': '2021-04-14 21:56:40'}
[2021-04-14 21:55:40,576]-loggers.py[line:44]-fuc:__console-INFO:出参：{"code": 32023, "message": "有效期时间与当前时间的间隔必须大于1分钟且小于1年", "timestamp": 1618408541849}
[2021-04-14 21:55:40,828]-loggers.py[line:44]-fuc:__console-INFO:入参：{'linkTypeCode': 'fixed', 'miniAppId': 66, 'params': {'linkBackType': 1, 'code': 'fixed', 'pageCode': 'shopIndex', 'pageId': 1, 'pageName': '购物首页', 'pagePath': 'index/pages/shopping/shopping', 'typeCode': 'shopIndex'}, 'paramsJsonString': "{'linkBackType': 1, 'code': 'fixed', 'pageCode': 'shopIndex', 'pageId': 1, 'pageName': '购物首页', 'pagePath': 'index/pages/shopping/shopping', 'typeCode': 'shopIndex'}", 'isExpire': 0, 'expireTime': '2022-04-16 21:55:40'}
[2021-04-14 21:55:40,943]-loggers.py[line:44]-fuc:__console-INFO:出参：{"code": 32023, "message": "有效期时间与当前时间的间隔必须大于1分钟且小于1年", "timestamp": 1618408542208}
[2021-04-14 21:55:41,185]-loggers.py[line:44]-fuc:__console-INFO:入参：{'linkTypeCode': 'fixed', 'miniAppId': 66, 'params': {'linkBackType': 1, 'code': 'fixed', 'pageCode': 'shopIndex', 'pageId': 1, 'pageName': '购物首页', 'pagePath': 'index/pages/shopping/shopping', 'typeCode': 'shopIndex'}, 'paramsJsonString': "{'linkBackType': 1, 'code': 'fixed', 'pageCode': 'shopIndex', 'pageId': 1, 'pageName': '购物首页', 'pagePath': 'index/pages/shopping/shopping', 'typeCode': 'shopIndex'}", 'isExpire': 0, 'expireTime': ''}
[2021-04-14 21:55:41,240]-loggers.py[line:44]-fuc:__console-INFO:出参：{"code": 3001, "message": "到期失效时间不能为空\n", "timestamp": 1618408542512}
[2021-04-14 21:56:20,217]-loggers.py[line:44]-fuc:__console-INFO:入参：{'linkTypeCode': 'fixed', 'miniAppId': 66, 'params': {'linkBackType': 1, 'code': 'fixed', 'pageCode': 'shopIndex', 'pageId': 1, 'pageName': '购物首页', 'pagePath': 'index/pages/shopping/shopping', 'typeCode': 'shopIndex'}, 'paramsJsonString': "{'linkBackType': 1, 'code': 'fixed', 'pageCode': 'shopIndex', 'pageId': 1, 'pageName': '购物首页', 'pagePath': 'index/pages/shopping/shopping', 'typeCode': 'shopIndex'}", 'isExpire': 0, 'expireTime': '2021-04-14 21:57:19'}
[2021-04-14 21:56:20,375]-loggers.py[line:44]-fuc:__console-INFO:出参：{"code": 32023, "message": "有效期时间与当前时间的间隔必须大于1分钟且小于1年", "timestamp": 1618408581648}
[2021-04-14 21:56:20,627]-loggers.py[line:44]-fuc:__console-INFO:入参：{'linkTypeCode': 'fixed', 'miniAppId': 66, 'params': {'linkBackType': 1, 'code': 'fixed', 'pageCode': 'shopIndex', 'pageId': 1, 'pageName': '购物首页', 'pagePath': 'index/pages/shopping/shopping', 'typeCode': 'shopIndex'}, 'paramsJsonString': "{'linkBackType': 1, 'code': 'fixed', 'pageCode': 'shopIndex', 'pageId': 1, 'pageName': '购物首页', 'pagePath': 'index/pages/shopping/shopping', 'typeCode': 'shopIndex'}", 'isExpire': 0, 'expireTime': '2022-04-16 21:56:19'}
[2021-04-14 21:56:20,791]-loggers.py[line:44]-fuc:__console-INFO:出参：{"code": 32023, "message": "有效期时间与当前时间的间隔必须大于1分钟且小于1年", "timestamp": 1618408582062}
[2021-04-14 21:56:21,046]-loggers.py[line:44]-fuc:__console-INFO:入参：{'linkTypeCode': 'fixed', 'miniAppId': 66, 'params': {'linkBackType': 1, 'code': 'fixed', 'pageCode': 'shopIndex', 'pageId': 1, 'pageName': '购物首页', 'pagePath': 'index/pages/shopping/shopping', 'typeCode': 'shopIndex'}, 'paramsJsonString': "{'linkBackType': 1, 'code': 'fixed', 'pageCode': 'shopIndex', 'pageId': 1, 'pageName': '购物首页', 'pagePath': 'index/pages/shopping/shopping', 'typeCode': 'shopIndex'}", 'isExpire': 0, 'expireTime': ''}
[2021-04-14 21:56:21,108]-loggers.py[line:44]-fuc:__console-INFO:出参：{"code": 3001, "message": "到期失效时间不能为空\n", "timestamp": 1618408582381}
[2021-04-14 21:56:21,367]-loggers.py[line:44]-fuc:__console-INFO:入参：{}
[2021-04-14 21:56:21,422]-loggers.py[line:44]-fuc:__console-INFO:出参：{"code": 3001, "message": "到期失效时间不能为空\n是否永久有效不能为空\n链接类型code不能为空\n", "timestamp": 1618408582694}
[2021-04-14 22:17:22,787]-loggers.py[line:44]-fuc:__console-INFO:入参：{'linkTypeCode': 'fixed', 'miniAppId': 66, 'params': {'linkBackType': 1, 'code': 'fixed', 'pageCode': 'shopIndex', 'pageId': 1, 'pageName': '购物首页', 'pagePath': 'index/pages/shopping/shopping', 'typeCode': 'shopIndex'}, 'paramsJsonString': "{'linkBackType': 1, 'code': 'fixed', 'pageCode': 'shopIndex', 'pageId': 1, 'pageName': '购物首页', 'pagePath': 'index/pages/shopping/shopping', 'typeCode': 'shopIndex'}", 'isExpire': 0, 'expireTime': '2021-04-14 22:18:22'}
[2021-04-14 22:17:22,983]-loggers.py[line:44]-fuc:__console-INFO:出参：{"code": 32023, "message": "有效期时间与当前时间的间隔必须大于1分钟且小于1年", "timestamp": 1618409844262}
[2021-04-14 22:17:23,243]-loggers.py[line:44]-fuc:__console-INFO:入参：{'linkTypeCode': 'fixed', 'miniAppId': 66, 'params': {'linkBackType': 1, 'code': 'fixed', 'pageCode': 'shopIndex', 'pageId': 1, 'pageName': '购物首页', 'pagePath': 'index/pages/shopping/shopping', 'typeCode': 'shopIndex'}, 'paramsJsonString': "{'linkBackType': 1, 'code': 'fixed', 'pageCode': 'shopIndex', 'pageId': 1, 'pageName': '购物首页', 'pagePath': 'index/pages/shopping/shopping', 'typeCode': 'shopIndex'}", 'isExpire': 0, 'expireTime': '2022-04-16 22:17:22'}
[2021-04-14 22:17:23,328]-loggers.py[line:44]-fuc:__console-INFO:出参：{"code": 32023, "message": "有效期时间与当前时间的间隔必须大于1分钟且小于1年", "timestamp": 1618409844608}
[2021-04-14 22:17:23,574]-loggers.py[line:44]-fuc:__console-INFO:入参：{'linkTypeCode': 'fixed', 'miniAppId': 66, 'params': {'linkBackType': 1, 'code': 'fixed', 'pageCode': 'shopIndex', 'pageId': 1, 'pageName': '购物首页', 'pagePath': 'index/pages/shopping/shopping', 'typeCode': 'shopIndex'}, 'paramsJsonString': "{'linkBackType': 1, 'code': 'fixed', 'pageCode': 'shopIndex', 'pageId': 1, 'pageName': '购物首页', 'pagePath': 'index/pages/shopping/shopping', 'typeCode': 'shopIndex'}", 'isExpire': 0, 'expireTime': ''}
[2021-04-14 22:17:23,628]-loggers.py[line:44]-fuc:__console-INFO:出参：{"code": 3001, "message": "到期失效时间不能为空\n", "timestamp": 1618409844907}
[2021-04-14 22:25:43,992]-loggers.py[line:44]-fuc:__console-INFO:入参：{'linkTypeCode': 'fixed', 'miniAppId': 66, 'params': {'linkBackType': 1, 'code': 'fixed', 'pageCode': 'shopIndex', 'pageId': 1, 'pageName': '购物首页', 'pagePath': 'index/pages/shopping/shopping', 'typeCode': 'shopIndex'}, 'paramsJsonString': "{'linkBackType': 1, 'code': 'fixed', 'pageCode': 'shopIndex', 'pageId': 1, 'pageName': '购物首页', 'pagePath': 'index/pages/shopping/shopping', 'typeCode': 'shopIndex'}", 'isExpire': 0, 'expireTime': '2021-04-14 22:26:43'}
[2021-04-14 22:25:44,169]-loggers.py[line:44]-fuc:__console-INFO:出参：{"code": 32023, "message": "有效期时间与当前时间的间隔必须大于1分钟且小于1年", "timestamp": 1618410345452}
[2021-04-14 22:25:44,296]-loggers.py[line:44]-fuc:__console-INFO:入参：{'linkTypeCode': 'fixed', 'miniAppId': 66, 'params': {'linkBackType': 1, 'code': 'fixed', 'pageCode': 'shopIndex', 'pageId': 1, 'pageName': '购物首页', 'pagePath': 'index/pages/shopping/shopping', 'typeCode': 'shopIndex'}, 'paramsJsonString': "{'linkBackType': 1, 'code': 'fixed', 'pageCode': 'shopIndex', 'pageId': 1, 'pageName': '购物首页', 'pagePath': 'index/pages/shopping/shopping', 'typeCode': 'shopIndex'}", 'isExpire': 0, 'expireTime': '2022-04-16 22:25:43'}
[2021-04-14 22:25:44,359]-loggers.py[line:44]-fuc:__console-INFO:出参：{"code": 32023, "message": "有效期时间与当前时间的间隔必须大于1分钟且小于1年", "timestamp": 1618410345643}
[2021-04-14 22:25:44,487]-loggers.py[line:44]-fuc:__console-INFO:入参：{'linkTypeCode': 'fixed', 'miniAppId': 66, 'params': {'linkBackType': 1, 'code': 'fixed', 'pageCode': 'shopIndex', 'pageId': 1, 'pageName': '购物首页', 'pagePath': 'index/pages/shopping/shopping', 'typeCode': 'shopIndex'}, 'paramsJsonString': "{'linkBackType': 1, 'code': 'fixed', 'pageCode': 'shopIndex', 'pageId': 1, 'pageName': '购物首页', 'pagePath': 'index/pages/shopping/shopping', 'typeCode': 'shopIndex'}", 'isExpire': 0, 'expireTime': ''}
[2021-04-14 22:25:44,542]-loggers.py[line:44]-fuc:__console-INFO:出参：{"code": 3001, "message": "到期失效时间不能为空\n", "timestamp": 1618410345826}
[2021-04-14 22:31:56,785]-loggers.py[line:44]-fuc:__console-INFO:入参：2021-04-14 22:32:56
[2021-04-14 22:31:56,971]-loggers.py[line:44]-fuc:__console-INFO:出参：{"code": 3001, "message": "非法的输入数据！", "timestamp": 1618410718257}
[2021-04-14 22:31:57,312]-loggers.py[line:44]-fuc:__console-INFO:入参：2022-04-16 22:31:56
[2021-04-14 22:31:57,430]-loggers.py[line:44]-fuc:__console-INFO:出参：{"code": 3001, "message": "非法的输入数据！", "timestamp": 1618410718716}
[2021-04-14 22:31:57,690]-loggers.py[line:44]-fuc:__console-INFO:入参：
[2021-04-14 22:31:57,753]-loggers.py[line:44]-fuc:__console-INFO:出参：{"code": 3001, "message": "非法的输入数据！", "timestamp": 1618410719033}
[2021-04-14 22:33:54,464]-loggers.py[line:44]-fuc:__console-INFO:入参：2021-04-14 22:34:54
[2021-04-14 22:33:54,633]-loggers.py[line:44]-fuc:__console-INFO:出参：{"code": 3001, "message": "非法的输入数据！", "timestamp": 1618410835911}
[2021-04-14 22:33:54,860]-loggers.py[line:44]-fuc:__console-INFO:入参：2022-04-16 22:33:54
[2021-04-14 22:33:54,919]-loggers.py[line:44]-fuc:__console-INFO:出参：{"code": 3001, "message": "非法的输入数据！", "timestamp": 1618410836206}
[2021-04-14 22:33:55,039]-loggers.py[line:44]-fuc:__console-INFO:入参：
[2021-04-14 22:33:55,107]-loggers.py[line:44]-fuc:__console-INFO:出参：{"code": 3001, "message": "非法的输入数据！", "timestamp": 1618410836393}
[2021-04-14 22:37:16,891]-loggers.py[line:44]-fuc:__console-INFO:入参：{'linkTypeCode': 'fixed', 'miniAppId': 66, 'params': {'linkBackType': 1, 'code': 'fixed', 'pageCode': 'shopIndex', 'pageId': 1, 'pageName': '购物首页', 'pagePath': 'index/pages/shopping/shopping', 'typeCode': 'shopIndex'}, 'paramsJsonString': "{'linkBackType': 1, 'code': 'fixed', 'pageCode': 'shopIndex', 'pageId': 1, 'pageName': '购物首页', 'pagePath': 'index/pages/shopping/shopping', 'typeCode': 'shopIndex'}", 'isExpire': 0, 'expireTime': '2021-04-14 22:38:16'}
[2021-04-14 22:37:17,054]-loggers.py[line:44]-fuc:__console-INFO:出参：{"code": 32023, "message": "有效期时间与当前时间的间隔必须大于1分钟且小于1年", "timestamp": 1618411038341}
[2021-04-14 22:37:17,183]-loggers.py[line:44]-fuc:__console-INFO:入参：{'linkTypeCode': 'fixed', 'miniAppId': 66, 'params': {'linkBackType': 1, 'code': 'fixed', 'pageCode': 'shopIndex', 'pageId': 1, 'pageName': '购物首页', 'pagePath': 'index/pages/shopping/shopping', 'typeCode': 'shopIndex'}, 'paramsJsonString': "{'linkBackType': 1, 'code': 'fixed', 'pageCode': 'shopIndex', 'pageId': 1, 'pageName': '购物首页', 'pagePath': 'index/pages/shopping/shopping', 'typeCode': 'shopIndex'}", 'isExpire': 0, 'expireTime': '2022-04-16 22:37:16'}
[2021-04-14 22:37:17,256]-loggers.py[line:44]-fuc:__console-INFO:出参：{"code": 32023, "message": "有效期时间与当前时间的间隔必须大于1分钟且小于1年", "timestamp": 1618411038542}
[2021-04-14 22:37:17,388]-loggers.py[line:44]-fuc:__console-INFO:入参：{'linkTypeCode': 'fixed', 'miniAppId': 66, 'params': {'linkBackType': 1, 'code': 'fixed', 'pageCode': 'shopIndex', 'pageId': 1, 'pageName': '购物首页', 'pagePath': 'index/pages/shopping/shopping', 'typeCode': 'shopIndex'}, 'paramsJsonString': "{'linkBackType': 1, 'code': 'fixed', 'pageCode': 'shopIndex', 'pageId': 1, 'pageName': '购物首页', 'pagePath': 'index/pages/shopping/shopping', 'typeCode': 'shopIndex'}", 'isExpire': 0, 'expireTime': ''}
[2021-04-14 22:37:17,456]-loggers.py[line:44]-fuc:__console-INFO:出参：{"code": 3001, "message": "到期失效时间不能为空\n", "timestamp": 1618411038743}
[2021-04-14 23:44:54,208]-loggers.py[line:44]-fuc:__console-INFO:入参：{'linkTypeCode': 'fixed', 'miniAppId': 66, 'params': {'linkBackType': 1, 'code': 'fixed', 'pageCode': 'shopIndex', 'pageId': 1, 'pageName': '购物首页', 'pagePath': 'index/pages/shopping/shopping', 'typeCode': 'shopIndex'}, 'paramsJsonString': "{'linkBackType': 1, 'code': 'fixed', 'pageCode': 'shopIndex', 'pageId': 1, 'pageName': '购物首页', 'pagePath': 'index/pages/shopping/shopping', 'typeCode': 'shopIndex'}", 'isExpire': 0, 'expireTime': '2021-04-14 23:45:54'}
[2021-04-14 23:44:54,487]-loggers.py[line:44]-fuc:__console-INFO:出参：{"code": 32023, "message": "有效期时间与当前时间的间隔必须大于1分钟且小于1年", "timestamp": 1618415095792}
[2021-04-14 23:44:54,752]-loggers.py[line:44]-fuc:__console-INFO:入参：{'linkTypeCode': 'fixed', 'miniAppId': 66, 'params': {'linkBackType': 1, 'code': 'fixed', 'pageCode': 'shopIndex', 'pageId': 1, 'pageName': '购物首页', 'pagePath': 'index/pages/shopping/shopping', 'typeCode': 'shopIndex'}, 'paramsJsonString': "{'linkBackType': 1, 'code': 'fixed', 'pageCode': 'shopIndex', 'pageId': 1, 'pageName': '购物首页', 'pagePath': 'index/pages/shopping/shopping', 'typeCode': 'shopIndex'}", 'isExpire': 0, 'expireTime': '2022-04-16 23:44:54'}
[2021-04-14 23:44:54,846]-loggers.py[line:44]-fuc:__console-INFO:出参：{"code": 32023, "message": "有效期时间与当前时间的间隔必须大于1分钟且小于1年", "timestamp": 1618415096157}
[2021-04-14 23:44:55,107]-loggers.py[line:44]-fuc:__console-INFO:入参：{'linkTypeCode': 'fixed', 'miniAppId': 66, 'params': {'linkBackType': 1, 'code': 'fixed', 'pageCode': 'shopIndex', 'pageId': 1, 'pageName': '购物首页', 'pagePath': 'index/pages/shopping/shopping', 'typeCode': 'shopIndex'}, 'paramsJsonString': "{'linkBackType': 1, 'code': 'fixed', 'pageCode': 'shopIndex', 'pageId': 1, 'pageName': '购物首页', 'pagePath': 'index/pages/shopping/shopping', 'typeCode': 'shopIndex'}", 'isExpire': 0, 'expireTime': ''}
[2021-04-14 23:44:55,164]-loggers.py[line:44]-fuc:__console-INFO:出参：{"code": 3001, "message": "到期失效时间不能为空\n", "timestamp": 1618415096477}
[2021-04-14 23:46:00,457]-loggers.py[line:44]-fuc:__console-INFO:入参：{'linkTypeCode': 'fixed', 'miniAppId': 66, 'params': {'linkBackType': 1, 'code': 'fixed', 'pageCode': 'shopIndex', 'pageId': 1, 'pageName': '购物首页', 'pagePath': 'index/pages/shopping/shopping', 'typeCode': 'shopIndex'}, 'paramsJsonString': "{'linkBackType': 1, 'code': 'fixed', 'pageCode': 'shopIndex', 'pageId': 1, 'pageName': '购物首页', 'pagePath': 'index/pages/shopping/shopping', 'typeCode': 'shopIndex'}", 'isExpire': 0, 'expireTime': '2021-04-14 23:47:00'}
[2021-04-14 23:46:00,632]-loggers.py[line:44]-fuc:__console-INFO:出参：{"code": 32023, "message": "有效期时间与当前时间的间隔必须大于1分钟且小于1年", "timestamp": 1618415161944}
[2021-04-14 23:46:00,763]-loggers.py[line:44]-fuc:__console-INFO:入参：{'linkTypeCode': 'fixed', 'miniAppId': 66, 'params': {'linkBackType': 1, 'code': 'fixed', 'pageCode': 'shopIndex', 'pageId': 1, 'pageName': '购物首页', 'pagePath': 'index/pages/shopping/shopping', 'typeCode': 'shopIndex'}, 'paramsJsonString': "{'linkBackType': 1, 'code': 'fixed', 'pageCode': 'shopIndex', 'pageId': 1, 'pageName': '购物首页', 'pagePath': 'index/pages/shopping/shopping', 'typeCode': 'shopIndex'}", 'isExpire': 0, 'expireTime': '2022-04-16 23:46:00'}
[2021-04-14 23:46:00,851]-loggers.py[line:44]-fuc:__console-INFO:出参：{"code": 32023, "message": "有效期时间与当前时间的间隔必须大于1分钟且小于1年", "timestamp": 1618415162159}
[2021-04-14 23:46:00,977]-loggers.py[line:44]-fuc:__console-INFO:入参：{'linkTypeCode': 'fixed', 'miniAppId': 66, 'params': {'linkBackType': 1, 'code': 'fixed', 'pageCode': 'shopIndex', 'pageId': 1, 'pageName': '购物首页', 'pagePath': 'index/pages/shopping/shopping', 'typeCode': 'shopIndex'}, 'paramsJsonString': "{'linkBackType': 1, 'code': 'fixed', 'pageCode': 'shopIndex', 'pageId': 1, 'pageName': '购物首页', 'pagePath': 'index/pages/shopping/shopping', 'typeCode': 'shopIndex'}", 'isExpire': 0, 'expireTime': ''}
[2021-04-14 23:46:01,036]-loggers.py[line:44]-fuc:__console-INFO:出参：{"code": 3001, "message": "到期失效时间不能为空\n", "timestamp": 1618415162347}
[2021-04-14 23:47:06,967]-loggers.py[line:44]-fuc:__console-INFO:入参：{'linkTypeCode': 'fixed', 'miniAppId': 66, 'params': {'linkBackType': 1, 'code': 'fixed', 'pageCode': 'shopIndex', 'pageId': 1, 'pageName': '购物首页', 'pagePath': 'index/pages/shopping/shopping', 'typeCode': 'shopIndex'}, 'paramsJsonString': "{'linkBackType': 1, 'code': 'fixed', 'pageCode': 'shopIndex', 'pageId': 1, 'pageName': '购物首页', 'pagePath': 'index/pages/shopping/shopping', 'typeCode': 'shopIndex'}", 'isExpire': 0, 'expireTime': '2021-04-14 23:48:06'}
[2021-04-14 23:47:07,054]-loggers.py[line:44]-fuc:__console-INFO:出参：{"code": 32023, "message": "有效期时间与当前时间的间隔必须大于1分钟且小于1年", "timestamp": 1618415228366}
[2021-04-14 23:47:07,183]-loggers.py[line:44]-fuc:__console-INFO:入参：{'linkTypeCode': 'fixed', 'miniAppId': 66, 'params': {'linkBackType': 1, 'code': 'fixed', 'pageCode': 'shopIndex', 'pageId': 1, 'pageName': '购物首页', 'pagePath': 'index/pages/shopping/shopping', 'typeCode': 'shopIndex'}, 'paramsJsonString': "{'linkBackType': 1, 'code': 'fixed', 'pageCode': 'shopIndex', 'pageId': 1, 'pageName': '购物首页', 'pagePath': 'index/pages/shopping/shopping', 'typeCode': 'shopIndex'}", 'isExpire': 0, 'expireTime': '2022-04-16 23:47:06'}
[2021-04-14 23:47:07,248]-loggers.py[line:44]-fuc:__console-INFO:出参：{"code": 32023, "message": "有效期时间与当前时间的间隔必须大于1分钟且小于1年", "timestamp": 1618415228562}
[2021-04-14 23:47:07,383]-loggers.py[line:44]-fuc:__console-INFO:入参：{'linkTypeCode': 'fixed', 'miniAppId': 66, 'params': {'linkBackType': 1, 'code': 'fixed', 'pageCode': 'shopIndex', 'pageId': 1, 'pageName': '购物首页', 'pagePath': 'index/pages/shopping/shopping', 'typeCode': 'shopIndex'}, 'paramsJsonString': "{'linkBackType': 1, 'code': 'fixed', 'pageCode': 'shopIndex', 'pageId': 1, 'pageName': '购物首页', 'pagePath': 'index/pages/shopping/shopping', 'typeCode': 'shopIndex'}", 'isExpire': 0, 'expireTime': ''}
[2021-04-14 23:47:07,473]-loggers.py[line:44]-fuc:__console-INFO:出参：{"code": 3001, "message": "到期失效时间不能为空\n", "timestamp": 1618415228742}
[2021-04-14 23:47:07,604]-loggers.py[line:44]-fuc:__console-INFO:入参：{'linkTypeCode': 'fixed', 'miniAppId': 66, 'params': {'linkBackType': 1, 'code': 'fixed', 'pageCode': 'shopIndex', 'pageId': 1, 'pageName': '购物首页', 'pagePath': 'index/pages/shopping/shopping', 'typeCode': 'shopIndex'}, 'paramsJsonString': "{'linkBackType': 1, 'code': 'fixed', 'pageCode': 'shopIndex', 'pageId': 1, 'pageName': '购物首页', 'pagePath': 'index/pages/shopping/shopping', 'typeCode': 'shopIndex'}", 'isExpire': 0, 'expireTime': '2021-04-14 23:49:06'}
[2021-04-14 23:47:08,539]-loggers.py[line:44]-fuc:__console-INFO:出参：{"code": 200, "data": "dev-api.lzsk.vip/d/wAyJ6w", "message": "操作成功！", "timestamp": 1618415229848}
[2021-04-14 23:47:47,168]-loggers.py[line:44]-fuc:__console-INFO:入参：{'linkTypeCode': 'fixed', 'miniAppId': 66, 'params': {'linkBackType': 1, 'code': 'fixed', 'pageCode': 'shopIndex', 'pageId': 1, 'pageName': '购物首页', 'pagePath': 'index/pages/shopping/shopping', 'typeCode': 'shopIndex'}, 'paramsJsonString': "{'linkBackType': 1, 'code': 'fixed', 'pageCode': 'shopIndex', 'pageId': 1, 'pageName': '购物首页', 'pagePath': 'index/pages/shopping/shopping', 'typeCode': 'shopIndex'}", 'isExpire': 0, 'expireTime': '2021-04-14 23:48:47'}
[2021-04-14 23:47:47,259]-loggers.py[line:44]-fuc:__console-INFO:出参：{"code": 32023, "message": "有效期时间与当前时间的间隔必须大于1分钟且小于1年", "timestamp": 1618415268569}
[2021-04-14 23:47:47,390]-loggers.py[line:44]-fuc:__console-INFO:入参：{'linkTypeCode': 'fixed', 'miniAppId': 66, 'params': {'linkBackType': 1, 'code': 'fixed', 'pageCode': 'shopIndex', 'pageId': 1, 'pageName': '购物首页', 'pagePath': 'index/pages/shopping/shopping', 'typeCode': 'shopIndex'}, 'paramsJsonString': "{'linkBackType': 1, 'code': 'fixed', 'pageCode': 'shopIndex', 'pageId': 1, 'pageName': '购物首页', 'pagePath': 'index/pages/shopping/shopping', 'typeCode': 'shopIndex'}", 'isExpire': 0, 'expireTime': '2022-04-16 23:47:47'}
[2021-04-14 23:47:47,452]-loggers.py[line:44]-fuc:__console-INFO:出参：{"code": 32023, "message": "有效期时间与当前时间的间隔必须大于1分钟且小于1年", "timestamp": 1618415268764}
[2021-04-14 23:47:47,583]-loggers.py[line:44]-fuc:__console-INFO:入参：{'linkTypeCode': 'fixed', 'miniAppId': 66, 'params': {'linkBackType': 1, 'code': 'fixed', 'pageCode': 'shopIndex', 'pageId': 1, 'pageName': '购物首页', 'pagePath': 'index/pages/shopping/shopping', 'typeCode': 'shopIndex'}, 'paramsJsonString': "{'linkBackType': 1, 'code': 'fixed', 'pageCode': 'shopIndex', 'pageId': 1, 'pageName': '购物首页', 'pagePath': 'index/pages/shopping/shopping', 'typeCode': 'shopIndex'}", 'isExpire': 0, 'expireTime': ''}
[2021-04-14 23:47:47,633]-loggers.py[line:44]-fuc:__console-INFO:出参：{"code": 3001, "message": "到期失效时间不能为空\n", "timestamp": 1618415268947}
[2021-04-14 23:48:10,632]-loggers.py[line:44]-fuc:__console-INFO:入参：{'linkTypeCode': 'fixed', 'miniAppId': 66, 'params': {'linkBackType': 1, 'code': 'fixed', 'pageCode': 'shopIndex', 'pageId': 1, 'pageName': '购物首页', 'pagePath': 'index/pages/shopping/shopping', 'typeCode': 'shopIndex'}, 'paramsJsonString': "{'linkBackType': 1, 'code': 'fixed', 'pageCode': 'shopIndex', 'pageId': 1, 'pageName': '购物首页', 'pagePath': 'index/pages/shopping/shopping', 'typeCode': 'shopIndex'}", 'isExpire': 0, 'expireTime': '2021-04-14 23:49:10'}
[2021-04-14 23:48:10,726]-loggers.py[line:44]-fuc:__console-INFO:出参：{"code": 32023, "message": "有效期时间与当前时间的间隔必须大于1分钟且小于1年", "timestamp": 1618415292037}
[2021-04-14 23:48:10,881]-loggers.py[line:44]-fuc:__console-INFO:入参：{'linkTypeCode': 'fixed', 'miniAppId': 66, 'params': {'linkBackType': 1, 'code': 'fixed', 'pageCode': 'shopIndex', 'pageId': 1, 'pageName': '购物首页', 'pagePath': 'index/pages/shopping/shopping', 'typeCode': 'shopIndex'}, 'paramsJsonString': "{'linkBackType': 1, 'code': 'fixed', 'pageCode': 'shopIndex', 'pageId': 1, 'pageName': '购物首页', 'pagePath': 'index/pages/shopping/shopping', 'typeCode': 'shopIndex'}", 'isExpire': 0, 'expireTime': '2022-04-16 23:48:10'}
[2021-04-14 23:48:11,008]-loggers.py[line:44]-fuc:__console-INFO:出参：{"code": 32023, "message": "有效期时间与当前时间的间隔必须大于1分钟且小于1年", "timestamp": 1618415292321}
[2021-04-14 23:48:11,144]-loggers.py[line:44]-fuc:__console-INFO:入参：{'linkTypeCode': 'fixed', 'miniAppId': 66, 'params': {'linkBackType': 1, 'code': 'fixed', 'pageCode': 'shopIndex', 'pageId': 1, 'pageName': '购物首页', 'pagePath': 'index/pages/shopping/shopping', 'typeCode': 'shopIndex'}, 'paramsJsonString': "{'linkBackType': 1, 'code': 'fixed', 'pageCode': 'shopIndex', 'pageId': 1, 'pageName': '购物首页', 'pagePath': 'index/pages/shopping/shopping', 'typeCode': 'shopIndex'}", 'isExpire': 0, 'expireTime': ''}
[2021-04-14 23:48:11,201]-loggers.py[line:44]-fuc:__console-INFO:出参：{"code": 3001, "message": "到期失效时间不能为空\n", "timestamp": 1618415292514}
[2021-04-14 23:48:11,328]-loggers.py[line:44]-fuc:__console-INFO:入参：{}
[2021-04-14 23:48:11,378]-loggers.py[line:44]-fuc:__console-INFO:出参：{"code": 3001, "message": "是否永久有效不能为空\n链接类型code不能为空\n到期失效时间不能为空\n", "timestamp": 1618415292691}
